[    0.000000] Initializing cgroup subsys cpuset
[    0.000000] Initializing cgroup subsys cpu
[    0.000000] Initializing cgroup subsys cpuacct
[    0.000000] Linux version 4.4.0-210-generic (buildd@lgw01-amd64-009) (gcc version 5.4.0 20160609 (Ubuntu 5.4.0-6ubuntu1~16.04.12) ) #242-Ubuntu SMP Fri Apr 16 09:57:56 UTC 2021 (Ubuntu 4.4.0-210.242-generic 4.4.262)
[    0.000000] Command line: BOOT_IMAGE=/boot/vmlinuz-4.4.0-210-generic root=LABEL=cloudimg-rootfs ro console=tty1 console=ttyS0
[    0.000000] KERNEL supported cpus:
[    0.000000]   Intel GenuineIntel
[    0.000000]   AMD AuthenticAMD
[    0.000000]   Centaur CentaurHauls
[    0.000000] x86/fpu: Legacy x87 FPU detected.
[    0.000000] e820: BIOS-provided physical RAM map:
[    0.000000] BIOS-e820: [mem 0x0000000000000000-0x000000000009fbff] usable
[    0.000000] BIOS-e820: [mem 0x000000000009fc00-0x000000000009ffff] reserved
[    0.000000] BIOS-e820: [mem 0x00000000000f0000-0x00000000000fffff] reserved
[    0.000000] BIOS-e820: [mem 0x0000000000100000-0x000000003ffeffff] usable
[    0.000000] BIOS-e820: [mem 0x000000003fff0000-0x000000003fffffff] ACPI data
[    0.000000] BIOS-e820: [mem 0x00000000fec00000-0x00000000fec00fff] reserved
[    0.000000] BIOS-e820: [mem 0x00000000fee00000-0x00000000fee00fff] reserved
[    0.000000] BIOS-e820: [mem 0x00000000fffc0000-0x00000000ffffffff] reserved
[    0.000000] NX (Execute Disable) protection: active
[    0.000000] SMBIOS 2.5 present.
[    0.000000] Hypervisor detected: KVM
[    0.000000] Kernel/User page tables isolation: disabled
[    0.000000] e820: last_pfn = 0x3fff0 max_arch_pfn = 0x400000000
[    0.000000] MTRR: Disabled
[    0.000000] x86/PAT: MTRRs disabled, skipping PAT initialization too.
[    0.000000] CPU MTRRs all blank - virtualized system.
[    0.000000] x86/PAT: Configuration [0-7]: WB  WT  UC- UC  WB  WT  UC- UC  
[    0.000000] found SMP MP-table at [mem 0x0009fff0-0x0009ffff] mapped at [ffff88000009fff0]
[    0.000000] Scanning 1 areas for low memory corruption
[    0.000000] RAMDISK: [mem 0x362dc000-0x37165fff]
[    0.000000] ACPI: Early table checksum verification disabled
[    0.000000] ACPI: RSDP 0x00000000000E0000 000024 (v02 VBOX  )
[    0.000000] ACPI: XSDT 0x000000003FFF0030 00003C (v01 VBOX   VBOXXSDT 00000001 ASL  00000061)
[    0.000000] ACPI: FACP 0x000000003FFF00F0 0000F4 (v04 VBOX   VBOXFACP 00000001 ASL  00000061)
[    0.000000] ACPI: DSDT 0x000000003FFF0470 002325 (v02 VBOX   VBOXBIOS 00000002 INTL 20100528)
[    0.000000] ACPI: FACS 0x000000003FFF0200 000040
[    0.000000] ACPI: FACS 0x000000003FFF0200 000040
[    0.000000] ACPI: APIC 0x000000003FFF0240 00005C (v02 VBOX   VBOXAPIC 00000001 ASL  00000061)
[    0.000000] ACPI: SSDT 0x000000003FFF02A0 0001CC (v01 VBOX   VBOXCPUT 00000002 INTL 20100528)
[    0.000000] No NUMA configuration found
[    0.000000] Faking a node at [mem 0x0000000000000000-0x000000003ffeffff]
[    0.000000] NODE_DATA(0) allocated [mem 0x3ffeb000-0x3ffeffff]
[    0.000000] kvm-clock: Using msrs 4b564d01 and 4b564d00
[    0.000000] kvm-clock: cpu 0, msr 0:3ffe3001, primary cpu clock
[    0.000000] kvm-clock: using sched offset of 3531634053 cycles
[    0.000000] clocksource: kvm-clock: mask: 0xffffffffffffffff max_cycles: 0x1cd42e4dffb, max_idle_ns: 881590591483 ns
[    0.000000] Zone ranges:
[    0.000000]   DMA      [mem 0x0000000000001000-0x0000000000ffffff]
[    0.000000]   DMA32    [mem 0x0000000001000000-0x000000003ffeffff]
[    0.000000]   Normal   empty
[    0.000000]   Device   empty
[    0.000000] Movable zone start for each node
[    0.000000] Early memory node ranges
[    0.000000]   node   0: [mem 0x0000000000001000-0x000000000009efff]
[    0.000000]   node   0: [mem 0x0000000000100000-0x000000003ffeffff]
[    0.000000] Initmem setup node 0 [mem 0x0000000000001000-0x000000003ffeffff]
[    0.000000] ACPI: PM-Timer IO Port: 0x4008
[    0.000000] IOAPIC[0]: apic_id 2, version 32, address 0xfec00000, GSI 0-23
[    0.000000] ACPI: INT_SRC_OVR (bus 0 bus_irq 0 global_irq 2 dfl dfl)
[    0.000000] ACPI: INT_SRC_OVR (bus 0 bus_irq 9 global_irq 9 low level)
[    0.000000] Using ACPI (MADT) for SMP configuration information
[    0.000000] smpboot: Allowing 2 CPUs, 0 hotplug CPUs
[    0.000000] PM: Registered nosave memory: [mem 0x00000000-0x00000fff]
[    0.000000] PM: Registered nosave memory: [mem 0x0009f000-0x0009ffff]
[    0.000000] PM: Registered nosave memory: [mem 0x000a0000-0x000effff]
[    0.000000] PM: Registered nosave memory: [mem 0x000f0000-0x000fffff]
[    0.000000] e820: [mem 0x40000000-0xfebfffff] available for PCI devices
[    0.000000] Booting paravirtualized kernel on KVM
[    0.000000] clocksource: refined-jiffies: mask: 0xffffffff max_cycles: 0xffffffff, max_idle_ns: 7645519600211568 ns
[    0.000000] setup_percpu: NR_CPUS:512 nr_cpumask_bits:512 nr_cpu_ids:2 nr_node_ids:1
[    0.000000] PERCPU: Embedded 33 pages/cpu @ffff88003fc00000 s95192 r8192 d31784 u1048576
[    0.000000] Built 1 zonelists in Node order, mobility grouping on.  Total pages: 257912
[    0.000000] Policy zone: DMA32
[    0.000000] Kernel command line: BOOT_IMAGE=/boot/vmlinuz-4.4.0-210-generic root=LABEL=cloudimg-rootfs ro console=tty1 console=ttyS0
[    0.000000] PID hash table entries: 4096 (order: 3, 32768 bytes)
[    0.000000] Memory: 997792K/1048120K available (8644K kernel code, 1332K rwdata, 4044K rodata, 1492K init, 1164K bss, 50328K reserved, 0K cma-reserved)
[    0.000000] SLUB: HWalign=64, Order=0-3, MinObjects=0, CPUs=2, Nodes=1
[    0.000000] Hierarchical RCU implementation.
[    0.000000] 	Build-time adjustment of leaf fanout to 64.
[    0.000000] 	RCU restricting CPUs from NR_CPUS=512 to nr_cpu_ids=2.
[    0.000000] RCU: Adjusting geometry for rcu_fanout_leaf=64, nr_cpu_ids=2
[    0.000000] NR_IRQS:33024 nr_irqs:440 16
[    0.000000] Console: colour VGA+ 80x25
[    0.000000] console [tty1] enabled
[    0.000000] console [ttyS0] enabled
[    0.000000] tsc: Detected 2903.994 MHz processor
[    0.427880] Calibrating delay loop (skipped) preset value.. 5807.98 BogoMIPS (lpj=11615976)
[    0.433847] pid_max: default: 32768 minimum: 301
[    0.437052] ACPI: Core revision 20150930
[    0.440695] ACPI: 2 ACPI AML tables successfully acquired and loaded
[    0.445645] Security Framework initialized
[    0.448571] Yama: becoming mindful.
[    0.451254] AppArmor: AppArmor initialized
[    0.454250] Dentry cache hash table entries: 131072 (order: 8, 1048576 bytes)
[    0.462065] Inode-cache hash table entries: 65536 (order: 7, 524288 bytes)
[    0.468276] Mount-cache hash table entries: 2048 (order: 2, 16384 bytes)
[    0.472987] Mountpoint-cache hash table entries: 2048 (order: 2, 16384 bytes)
[    0.481132] Initializing cgroup subsys io
[    0.484254] Initializing cgroup subsys memory
[    0.487414] Initializing cgroup subsys devices
[    0.490684] Initializing cgroup subsys freezer
[    0.494193] Initializing cgroup subsys net_cls
[    0.498628] Initializing cgroup subsys perf_event
[    0.502565] Initializing cgroup subsys net_prio
[    0.505888] Initializing cgroup subsys hugetlb
[    0.509361] Initializing cgroup subsys pids
[    0.514276] mce: CPU supports 0 MCE banks
[    0.517499] Last level iTLB entries: 4KB 64, 2MB 8, 4MB 8
[    0.522085] Last level dTLB entries: 4KB 64, 2MB 0, 4MB 0, 1GB 4
[    0.526613] Spectre V1 : Mitigation: usercopy/swapgs barriers and __user pointer sanitization
[    0.535363] Spectre V2 : Mitigation: Enhanced IBRS
[    0.540138] Spectre V2 : Spectre v2 / SpectreRSB mitigation: Filling RSB on context switch
[    0.549322] Speculative Store Bypass: Vulnerable
[    0.581482] Freeing SMP alternatives memory: 36K
[    0.647683] ftrace: allocating 32380 entries in 127 pages
[    1.078619] smpboot: APIC(0) Converting physical 0 to logical package 0
[    1.083871] smpboot: Max logical packages: 1
[    1.098480] ..TIMER: vector=0x30 apic1=0 pin1=2 apic2=-1 pin2=-1
[    1.211171] smpboot: CPU0: Intel(R) Core(TM) i5-10400F CPU @ 2.90GHz (family: 0x6, model: 0xa5, stepping: 0x3)
[    1.218797] Performance Events: unsupported p6 CPU model 165 no PMU driver, software events only.
[    1.289244] KVM setup paravirtual spinlock
[    1.293754] x86: Booting SMP configuration:
[    1.296803] .... node  #0, CPUs:      #1
[    1.300786] kvm-clock: cpu 1, msr 0:3ffe3041, secondary cpu clock
[    1.304605] mce: CPU supports 0 MCE banks
[    1.308031] TSC synchronization [CPU#0 -> CPU#1]:
[    1.311453] Measured 37847 cycles TSC warp between CPUs, turning off TSC clock.
[    1.316194] tsc: Marking TSC unstable due to check_tsc_sync_source failed
[    0.426323] x86: Booted up 1 node, 2 CPUs
[    0.428003] smpboot: Total of 2 processors activated (11615.97 BogoMIPS)
[    0.433797] devtmpfs: initialized
[    0.437727] evm: security.selinux
[    0.440003] evm: security.SMACK64
[    0.442252] evm: security.SMACK64EXEC
[    0.444002] evm: security.SMACK64TRANSMUTE
[    0.446692] evm: security.SMACK64MMAP
[    0.448002] evm: security.ima
[    0.450032] evm: security.capability
[    0.452225] clocksource: jiffies: mask: 0xffffffff max_cycles: 0xffffffff, max_idle_ns: 7645041785100000 ns
[    0.460012] futex hash table entries: 512 (order: 3, 32768 bytes)
[    0.464263] pinctrl core: initialized pinctrl subsystem
[    0.468300] RTC time: 17:49:57, date: 02/28/23
[    0.472754] NET: Registered protocol family 16
[    0.488006] cpuidle: using governor ladder
[    0.500005] cpuidle: using governor menu
[    0.502691] PCCT header not found.
[    0.504161] ACPI: bus type PCI registered
[    0.507055] acpiphp: ACPI Hot Plug PCI Controller Driver version: 0.5
[    0.512123] PCI: Using configuration type 1 for base access
[    0.532371] ACPI: Added _OSI(Module Device)
[    0.536003] ACPI: Added _OSI(Processor Device)
[    0.538938] ACPI: Added _OSI(3.0 _SCP Extensions)
[    0.540002] ACPI: Added _OSI(Processor Aggregator Device)
[    0.544944] ACPI: Executed 1 blocks of module-level executable AML code
[    0.552451] ACPI: Interpreter enabled
[    0.555116] ACPI: (supports S0 S5)
[    0.556002] ACPI: Using IOAPIC for interrupt routing
[    0.560266] PCI: Using host bridge windows from ACPI; if necessary, use "pci=nocrs" and report a bug
[    0.569232] ACPI: PCI Root Bridge [PCI0] (domain 0000 [bus 00-ff])
[    0.572005] acpi PNP0A03:00: _OSC: OS supports [ASPM ClockPM Segments MSI]
[    0.576557] acpi PNP0A03:00: _OSC: not requesting OS control; OS requires [ExtendedConfig ASPM ClockPM MSI]
[    0.580008] acpi PNP0A03:00: fail to add MMCONFIG information, can't access extended PCI configuration space under this bridge.
[    0.584552] PCI host bridge to bus 0000:00
[    0.588004] pci_bus 0000:00: root bus resource [io  0x0000-0x0cf7 window]
[    0.592005] pci_bus 0000:00: root bus resource [io  0x0d00-0xffff window]
[    0.596004] pci_bus 0000:00: root bus resource [mem 0x000a0000-0x000bffff window]
[    0.600005] pci_bus 0000:00: root bus resource [mem 0x40000000-0xfdffffff window]
[    0.604005] pci_bus 0000:00: root bus resource [bus 00-ff]
[    0.613591] pci 0000:00:01.1: legacy IDE quirk: reg 0x10: [io  0x01f0-0x01f7]
[    0.616007] pci 0000:00:01.1: legacy IDE quirk: reg 0x14: [io  0x03f6]
[    0.620007] pci 0000:00:01.1: legacy IDE quirk: reg 0x18: [io  0x0170-0x0177]
[    0.624007] pci 0000:00:01.1: legacy IDE quirk: reg 0x1c: [io  0x0376]
[    0.641631] pci 0000:00:07.0: quirk: [io  0x4000-0x403f] claimed by PIIX4 ACPI
[    0.644034] pci 0000:00:07.0: quirk: [io  0x4100-0x410f] claimed by PIIX4 SMB
[    0.656825] ACPI: PCI Interrupt Link [LNKA] (IRQs 5 9 10 *11)
[    0.662870] ACPI: PCI Interrupt Link [LNKB] (IRQs 5 9 *10 11)
[    0.672188] ACPI: PCI Interrupt Link [LNKC] (IRQs 5 *9 10 11)
[    0.678408] ACPI: PCI Interrupt Link [LNKD] (IRQs 5 9 10 *11)
[    0.685373] ACPI: Enabled 2 GPEs in block 00 to 07
[    0.688182] vgaarb: setting as boot device: PCI:0000:00:02.0
[    0.691874] vgaarb: device added: PCI:0000:00:02.0,decodes=io+mem,owns=io+mem,locks=none
[    0.692007] vgaarb: loaded
[    0.693976] vgaarb: bridge control possible 0000:00:02.0
[    0.696342] SCSI subsystem initialized
[    0.700159] ACPI: bus type USB registered
[    0.704054] usbcore: registered new interface driver usbfs
[    0.708041] usbcore: registered new interface driver hub
[    0.712020] usbcore: registered new device driver usb
[    0.716408] PCI: Using ACPI for IRQ routing
[    0.720678] NetLabel: Initializing
[    0.724003] NetLabel:  domain hash size = 128
[    0.727045] NetLabel:  protocols = UNLABELED CIPSOv4
[    0.728018] NetLabel:  unlabeled traffic allowed by default
[    0.732120] amd_nb: Cannot enumerate AMD northbridges
[    0.736240] clocksource: Switched to clocksource kvm-clock
[    0.744109] AppArmor: AppArmor Filesystem Enabled
[    0.744109] pnp: PnP ACPI init
[    0.744109] pnp: PnP ACPI: found 3 devices
[    0.805861] clocksource: acpi_pm: mask: 0xffffff max_cycles: 0xffffff, max_idle_ns: 2085701024 ns
[    0.808896] NET: Registered protocol family 2
[    0.816119] TCP established hash table entries: 8192 (order: 4, 65536 bytes)
[    0.821082] TCP bind hash table entries: 8192 (order: 5, 131072 bytes)
[    0.824879] TCP: Hash tables configured (established 8192 bind 8192)
[    0.824879] UDP hash table entries: 512 (order: 2, 16384 bytes)
[    0.824879] UDP-Lite hash table entries: 512 (order: 2, 16384 bytes)
[    0.824879] NET: Registered protocol family 1
[    0.824879] pci 0000:00:00.0: Limiting direct PCI/PCI transfers
[    0.824879] pci 0000:00:01.0: Activating ISA DMA hang workarounds
[    0.824879] Unpacking initramfs...
[    0.824879] Freeing initrd memory: 14888K
[    0.824879] clocksource: tsc: mask: 0xffffffffffffffff max_cycles: 0x29dc0055a3d, max_idle_ns: 440795341144 ns
[    0.824879] platform rtc_cmos: registered platform RTC device (no PNP device found)
[    0.824879] Scanning for low memory corruption every 60 seconds
[    1.158836] audit: initializing netlink subsys (disabled)
[    1.163195] audit: type=2000 audit(1677606602.905:1): initialized
[    1.168921] Initialise system trusted keyring
[    1.173107] HugeTLB registered 2 MB page size, pre-allocated 0 pages
[    1.179182] zbud: loaded
[    1.181851] VFS: Disk quotas dquot_6.6.0
[    1.184790] VFS: Dquot-cache hash table entries: 512 (order 0, 4096 bytes)
[    1.188730] squashfs: version 4.0 (2009/01/31) Phillip Lougher
[    1.194594] fuse init (API version 7.23)
[    1.198609] Key type big_key registered
[    1.201339] Allocating IMA MOK and blacklist keyrings.
[    1.212229] Key type asymmetric registered
[    1.214972] Asymmetric key parser 'x509' registered
[    1.218626] Block layer SCSI generic (bsg) driver version 0.4 loaded (major 249)
[    1.224286] io scheduler noop registered
[    1.226953] io scheduler deadline registered (default)
[    1.230521] io scheduler cfq registered
[    1.233325] pci_hotplug: PCI Hot Plug PCI Core version: 0.5
[    1.237089] pciehp: PCI Express Hot Plug Controller Driver version: 0.4
[    1.241785] ACPI: AC Adapter [AC] (on-line)
[    1.244747] input: Power Button as /devices/LNXSYSTM:00/LNXPWRBN:00/input/input0
[    1.249638] ACPI: Power Button [PWRF]
[    1.252324] input: Sleep Button as /devices/LNXSYSTM:00/LNXSLPBN:00/input/input1
[    1.257395] ACPI: Sleep Button [SLPF]
[    1.260779] GHES: HEST is not enabled!
[    1.263757] Serial: 8250/16550 driver, 32 ports, IRQ sharing enabled
[    1.292458] 00:02: ttyS0 at I/O 0x3f8 (irq = 4, base_baud = 115200) is a 16550A
[    1.309789] Linux agpgart interface v0.103
[    1.319950] loop: module loaded
[    1.324519] scsi host0: ata_piix
[    1.327909] scsi host1: ata_piix
[    1.330302] ata1: PATA max UDMA/33 cmd 0x1f0 ctl 0x3f6 bmdma 0xd000 irq 14
[    1.335306] ata2: PATA max UDMA/33 cmd 0x170 ctl 0x376 bmdma 0xd008 irq 15
[    1.340066] libphy: Fixed MDIO Bus: probed
[    1.343857] tun: Universal TUN/TAP device driver, 1.6
[    1.347517] tun: (C) 1999-2004 Max Krasnyansky <maxk@qualcomm.com>
[    1.352380] PPP generic driver version 2.4.2
[    1.355675] ehci_hcd: USB 2.0 'Enhanced' Host Controller (EHCI) Driver
[    1.360155] ehci-pci: EHCI PCI platform driver
[    1.363135] ehci-platform: EHCI generic platform driver
[    1.366642] ohci_hcd: USB 1.1 'Open' Host Controller (OHCI) Driver
[    1.370807] ohci-pci: OHCI PCI platform driver
[    1.373852] ohci-platform: OHCI generic platform driver
[    1.377345] uhci_hcd: USB Universal Host Controller Interface driver
[    1.381709] i8042: PNP: PS/2 Controller [PNP0303:PS2K,PNP0f03:PS2M] at 0x60,0x64 irq 1,12
[    1.389626] serio: i8042 KBD port at 0x60,0x64 irq 1
[    1.393047] serio: i8042 AUX port at 0x60,0x64 irq 12
[    1.397347] mousedev: PS/2 mouse device common for all mice
[    1.404635] rtc_cmos rtc_cmos: rtc core: registered rtc_cmos as rtc0
[    1.409128] input: AT Translated Set 2 keyboard as /devices/platform/i8042/serio0/input/input2
[    1.415501] rtc_cmos rtc_cmos: alarms up to one day, 114 bytes nvram
[    1.419986] i2c /dev entries driver
[    1.422779] device-mapper: uevent: version 1.0.3
[    1.426855] device-mapper: ioctl: 4.34.0-ioctl (2015-10-28) initialised: dm-devel@redhat.com
[    1.432452] ledtrig-cpu: registered to indicate activity on CPUs
[    1.438673] NET: Registered protocol family 10
[    1.442275] NET: Registered protocol family 17
[    1.445315] Key type dns_resolver registered
[    1.450120] registered taskstats version 1
[    1.453029] Loading compiled-in X.509 certificates
[    1.456765] Loaded X.509 cert 'Build time autogenerated kernel key: cf00e047681d67edb2720680708b7d9498083038'
[    1.463315] zswap: loaded using pool lzo/zbud
[    1.469857] Key type trusted registered
[    1.478652] Key type encrypted registered
[    1.481611] AppArmor: AppArmor sha1 policy hashing enabled
[    1.485411] ima: No TPM chip found, activating TPM-bypass!
[    1.489085] ima: Allocated hash algorithm: sha1
[    1.492105] evm: HMAC attrs: 0x1
[    1.495758]   Magic number: 11:670:846
[    1.522102] rtc_cmos rtc_cmos: setting system clock to 2023-02-28 17:49:59 UTC (1677606599)
[    1.545823] BIOS EDD facility v0.16 2004-Jun-25, 0 devices found
[    1.549776] EDD information not available.
[    1.554573] Freeing unused kernel memory: 1492K
[    1.557707] Write protecting the kernel read-only data: 14336k
[    1.562125] Freeing unused kernel memory: 1584K
[    1.565503] Freeing unused kernel memory: 52K
Loading, please wait...
starting version 229
[    1.589127] random: systemd-udevd: uninitialized urandom read (16 bytes read, 5 bits of entropy available)
[    1.589768] random: udevadm: uninitialized urandom read (16 bytes read, 5 bits of entropy available)
[    1.589779] random: udevadm: uninitialized urandom read (16 bytes read, 5 bits of entropy available)
[    1.598240] random: udevadm: uninitialized urandom read (16 bytes read, 5 bits of entropy available)
[    1.598267] random: udevadm: uninitialized urandom read (16 bytes read, 5 bits of entropy available)
[    1.598409] random: udevadm: uninitialized urandom read (16 bytes read, 5 bits of entropy available)
[    1.598439] random: udevadm: uninitialized urandom read (16 bytes read, 5 bits of entropy available)
[    1.598507] random: udevadm: uninitialized urandom read (16 bytes read, 5 bits of entropy available)
[    1.598536] random: udevadm: uninitialized urandom read (16 bytes read, 5 bits of entropy available)
[    1.598586] random: udevadm: uninitialized urandom read (16 bytes read, 5 bits of entropy available)
[    1.681033] Fusion MPT base driver 3.04.20
[    1.684052] Copyright (c) 1999-2008 LSI Corporation
[    1.699240] e1000: Intel(R) PRO/1000 Network Driver - version 7.3.21-k8-NAPI
[    1.706884] e1000: Copyright (c) 1999-2006 Intel Corporation.
[    1.717789] Fusion MPT SPI Host driver 3.04.20
[    1.727601] mptbase: ioc0: Initiating bringup
[    1.797423] ioc0: LSI53C1030 A0: Capabilities={Initiator}
[    1.944316] input: ImExPS/2 Generic Explorer Mouse as /devices/platform/i8042/serio1/input/input4
[    2.114636] scsi host2: ioc0: LSI53C1030 A0, FwRev=00000000h, Ports=1, MaxQ=256, IRQ=20
[    2.271014] scsi 2:0:0:0: Direct-Access     VBOX     HARDDISK         1.0  PQ: 0 ANSI: 5
[    2.277716] scsi target2:0:0: Beginning Domain Validation
[    2.285763] scsi target2:0:0: Domain Validation skipping write tests
[    2.290241] scsi target2:0:0: Ending Domain Validation
[    2.294255] scsi target2:0:0: asynchronous
[    2.302480] scsi 2:0:1:0: Direct-Access     VBOX     HARDDISK         1.0  PQ: 0 ANSI: 5
[    2.308250] scsi target2:0:1: Beginning Domain Validation
[    2.317687] scsi target2:0:1: Domain Validation skipping write tests
[    2.322639] scsi target2:0:1: Ending Domain Validation
[    2.326483] scsi target2:0:1: asynchronous
[    2.344929] sd 2:0:0:0: Attached scsi generic sg0 type 0
[    2.349081] sd 2:0:0:0: [sda] 83886080 512-byte logical blocks: (42.9 GB/40.0 GiB)
[    2.354619] sd 2:0:1:0: Attached scsi generic sg1 type 0
[    2.358886] sd 2:0:1:0: [sdb] 20480 512-byte logical blocks: (10.5 MB/10.0 MiB)
[    2.364932] sd 2:0:0:0: [sda] Write Protect is off
[    2.368688] sd 2:0:1:0: [sdb] Write Protect is off
[    2.372474] sd 2:0:0:0: [sda] Incomplete mode parameter data
[    2.376437] sd 2:0:0:0: [sda] Assuming drive cache: write through
[    2.381143] sd 2:0:1:0: [sdb] Incomplete mode parameter data
[    2.389146] sd 2:0:1:0: [sdb] Assuming drive cache: write through
[    2.397313]  sda: sda1
[    2.405393] sd 2:0:0:0: [sda] Attached SCSI disk
[    2.409680] sd 2:0:1:0: [sdb] Attached SCSI disk
[    2.877992] e1000 0000:00:03.0 eth0: (PCI:33MHz:32-bit) 02:be:82:6b:cc:1d
[    2.882933] e1000 0000:00:03.0 eth0: Intel(R) PRO/1000 Network Connection
[    3.438475] e1000 0000:00:08.0 eth1: (PCI:33MHz:32-bit) 08:00:27:68:79:4e
[    3.443591] e1000 0000:00:08.0 eth1: Intel(R) PRO/1000 Network Connection
[    3.449742] e1000 0000:00:03.0 enp0s3: renamed from eth0
[    3.464428] e1000 0000:00:08.0 enp0s8: renamed from eth1
Begin: Loading essential drivers ... [    4.996401] md: linear personality registered for level -1
[    5.003418] md: multipath personality registered for level -4
[    5.010431] md: raid0 personality registered for level 0
[    5.024067] md: raid1 personality registered for level 1
[    5.100144] raid6: sse2x1   gen() 11708 MB/s
[    5.168568] raid6: sse2x1   xor()  7932 MB/s
[    5.236079] raid6: sse2x2   gen() 16583 MB/s
[    5.304042] raid6: sse2x2   xor() 10903 MB/s
[    5.372200] raid6: sse2x4   gen() 17800 MB/s
[    5.440618] raid6: sse2x4   xor() 11374 MB/s
[    5.443636] raid6: using algorithm sse2x4 gen() 17800 MB/s
[    5.447331] raid6: .... xor() 11374 MB/s, rmw enabled
[    5.450863] raid6: using ssse3x2 recovery algorithm
[    5.456437] xor: measuring software checksum speed
[    5.497202]    prefetch64-sse: 26121.000 MB/sec
[    5.540205]    generic_sse: 25145.000 MB/sec
[    5.543572] xor: using function: prefetch64-sse (26121.000 MB/sec)
[    5.549928] async_tx: api initialized (async)
[    5.583888] md: raid6 personality registered for level 6
[    5.587630] md: raid5 personality registered for level 5
[    5.591328] md: raid4 personality registered for level 4
[    5.609877] md: raid10 personality registered for level 10
done.
Begin: Running /scripts/init-premount ... done.
Begin: Mounting root file system ... Begin: Running /scripts/local-top ... done.
Begin: Running /scripts/local-premount ... [    5.679224] Btrfs loaded
Scanning for Btrfs filesystems
done.
Warning: fsck not present, so skipping root file system
[    5.725016] EXT4-fs (sda1): INFO: recovery required on readonly filesystem
[    5.729553] EXT4-fs (sda1): write access will be enabled during recovery
[    5.979888] EXT4-fs (sda1): recovery complete
[    5.983386] EXT4-fs (sda1): mounted filesystem with ordered data mode. Opts: (null)
done.
Begin: Running /scripts/local-bottom ... done.
Begin: Running /scripts/init-bottom ... done.
[    6.167457] systemd[1]: systemd 229 running in system mode. (+PAM +AUDIT +SELINUX +IMA +APPARMOR +SMACK +SYSVINIT +UTMP +LIBCRYPTSETUP +GCRYPT +GNUTLS +ACL +XZ -LZ4 +SECCOMP +BLKID +ELFUTILS +KMOD -IDN)
[    6.179599] systemd[1]: Detected virtualization oracle.
[    6.183201] systemd[1]: Detected architecture x86-64.

Welcome to [1mUbuntu 16.04.7 LTS[0m!

[    6.195414] systemd[1]: Set hostname to <ubuntu-xenial>.
[    6.384371] systemd[1]: Created slice System Slice.
[[0;32m  OK  [0m] Created slice System Slice.
[    6.392084] systemd[1]: Created slice system-serial\x2dgetty.slice.
[[0;32m  OK  [0m] Created slice system-serial\x2dgetty.slice.
[    6.401076] systemd[1]: Listening on LVM2 metadata daemon socket.
[[0;32m  OK  [0m] Listening on LVM2 metadata daemon socket.
[    6.409518] systemd[1]: Reached target User and Group Name Lookups.
[[0;32m  OK  [0m] Reached target User and Group Name Lookups.
[    6.418330] systemd[1]: Listening on udev Kernel Socket.
[[0;32m  OK  [0m] Listening on udev Kernel Socket.
[    6.426082] systemd[1]: Listening on LVM2 poll daemon socket.
[[0;32m  OK  [0m] Listening on LVM2 poll daemon socket.
[    6.434206] systemd[1]: Listening on Journal Socket (/dev/log).
[[0;32m  OK  [0m] Listening on Journal Socket (/dev/log).
[    6.442898] systemd[1]: Listening on Journal Audit Socket.
[[0;32m  OK  [0m] Listening on Journal Audit Socket.
[    6.450866] systemd[1]: Listening on Journal Socket.
[[0;32m  OK  [0m] Listening on Journal Socket.
[    6.468790] systemd[1]: Starting Set console keymap...
         Starting Set console keymap...
[    6.481988] systemd[1]: Starting Load Kernel Modules...
         Starting Load Kernel Modules...
[    6.490681] systemd[1]: Starting Uncomplicated firewall...
         Starting Uncomplicated firewall...
[    6.499274] systemd[1]: Created slice User and Session Slice.
[[0;32m  OK  [0m] Created slice User and Session Slice.
[    6.506710] systemd[1]: Started Trigger resolvconf update for networkd DNS.
[[0;32m  OK  [0m] Started Trigger resolvconf update for networkd DNS.
[    6.514673] systemd[1]: Listening on fsck to fsckd communication Socket.
[    6.520395] Loading iSCSI transport class v2.0-870.
[[0;32m  OK  [0m] Listening on fsck to fsckd communication Socket.
[    6.528816] systemd[1]: Reached target Swap.
[[0;32m  OK  [0m] Reached target Swap.
[    6.543205] iscsi: registered transport (tcp)
[    6.557173] systemd[1]: Starting Nameserver information manager...
         Starting Nameserver information manager...
[    6.566959] systemd[1]: Set up automount Arbitrary Executable File Formats File System Automount Point.
[[0;32m  OK  [0m] Set up automount Arbitrary Executab...ats File System Automount Point.
[    6.582021] systemd[1]: Reached target Slices.
[[0;32m  OK  [0m] Reached target Slices.
[    6.593046] systemd[1]: Mounting Huge Pages File System...
         Mounting Huge Pages File System...
[    6.608932] systemd[1]: Starting Create list of required static device nodes for the current kernel...
         Starting Create list of required st... nodes for the current kernel...
[    6.623859] systemd[1]: Listening on /dev/initctl Compatibility Named Pipe.
[[0;32m  OK  [0m] Listening on /dev/initctl Compatibility Named Pipe.
[    6.635164] systemd[1]: Reached target Encrypted Volumes.
[    6.639977] iscsi: registered transport (iser)
[[0;32m  OK  [0m] Reached target Encrypted Volumes.
[    6.656728] systemd[1]: Mounting Debug File System...
         Mounting Debug File System...
[    6.664646] systemd[1]: Mounting POSIX Message Queue File System...
         Mounting POSIX Message Queue File System...
[    6.672874] systemd[1]: Listening on udev Control Socket.
[[0;32m  OK  [0m] Listening on udev Control Socket.
[    6.681339] systemd[1]: Listening on Device-mapper event daemon FIFOs.
[[0;32m  OK  [0m] Listening on Device-mapper event daemon FIFOs.
[    6.691217] systemd[1]: Starting Monitoring of LVM2 mirrors, snapshots etc. using dmeventd or progress polling...
         Starting Monitoring of LVM2 mirrors... dmeventd or progress polling...
[    6.703721] systemd[1]: Started Forward Password Requests to Wall Directory Watch.
[[0;32m  OK  [0m] Started Forward Password Requests to Wall Directory Watch.
[    6.715981] systemd[1]: Listening on Syslog Socket.
[[0;32m  OK  [0m] Listening on Syslog Socket.
[    6.744637] systemd[1]: Starting Journal Service...
         Starting Journal Service...
[    6.752669] systemd[1]: Reached target System Time Synchronized.
[[0;32m  OK  [0m] Reached target System Time Synchronized.
[    6.764414] systemd[1]: Starting File System Check on Root Device...
         Starting File System Check on Root Device...
[    6.775674] systemd[1]: Mounted Huge Pages File System.
[[0;32m  OK  [0m] Mounted Huge Pages File System.
[    6.784916] systemd[1]: Mounted POSIX Message Queue File System.
[[0;32m  OK  [0m] Mounted POSIX Message Queue File System.
[    6.795049] systemd[1]: Mounted Debug File System.
[[0;32m  OK  [0m] Mounted Debug File System.
[    6.804649] systemd[1]: Started Journal Service.
[[0;32m  OK  [0m] Started Journal Service.
[[0;32m  OK  [0m] Started Set console keymap.
[[0;32m  OK  [0m] Started Load Kernel Modules.
[[0;32m  OK  [0m] Started Uncomplicated firewall.
[[0;32m  OK  [0m] Started Create list of required sta...ce nodes for the current kernel.
[[0;32m  OK  [0m] Started File System Check on Root Device.[    6.846437] random: nonblocking pool is initialized

[[0;32m  OK  [0m] Started Nameserver information manager.
[[0;32m  OK  [0m] Started File System Check Daemon to report status.
[[0;32m  OK  [0m] Started LVM2 metadata daemon.
         Starting Remount Root and Kernel File Systems...
[    6.880513] EXT4-fs (sda1): re-mounted. Opts: (null)
         Starting Create Static Device Nodes in /dev...
         Starting Apply Kernel Variables...
         Mounting FUSE Control File System...
[[0;32m  OK  [0m] Started Remount Root and Kernel File Systems.
         Starting Flush Journal to Persistent Storage...
         Starting Load/Save Random Seed...
         Starting udev Coldplug all Devices...
[[0;32m  OK  [0m] Mounted FUSE Control File System.
[[0;32m  OK  [0m] Started Apply Kernel Variables.
[[0;32m  OK  [0m] Started Load/Save Random Seed.
[[0;32m  OK  [0m] Started Flush Journal to Persistent Storage.
[[0;32m  OK  [0m] Started Create Static Device Nodes in /dev.
         Starting udev Kernel Device Manager...
[[0;32m  OK  [0m] Started udev Coldplug all Devices.
[[0;32m  OK  [0m] Started udev Kernel Device Manager.
[[0;32m  OK  [0m] Started Dispatch Password Requests to Console Directory Watch.
[[0;32m  OK  [0m] Started Monitoring of LVM2 mirrors,...ng dmeventd or progress polling.
[[0;32m  OK  [0m] Reached target Local File Systems (Pre).
[[0;32m  OK  [0m] Reached target Local File Systems.
         Starting Initial cloud-init job (pre-networking)...
         Starting LSB: AppArmor initialization...
         Starting Set console font and keymap...
         Starting Create Volatile Files and Directories...
         Starting Tell Plymouth To Write Out Runtime Data...
[[0;32m  OK  [0m] Started Tell Plymouth To Write Out Runtime Data.
[[0;32m  OK  [0m] Started Create Volatile Files and Directories.
         Starting Update UTMP about System Boot/Shutdown...
[[0;32m  OK  [0m] Started Update UTMP about System Boot/Shutdown.
[[0;32m  OK  [0m] Found device /dev/ttyS0.
[[0;32m  OK  [0m] Started LSB: AppArmor initialization.
[[0;32m  OK  [0m] Listening on Load/Save RF Kill Switch Status /dev/rfkill Watch.
         Starting Load AppArmor profiles managed internally by snapd...
[[0;32m  OK  [0m] Started Load AppArmor profiles managed internally by snapd.
[[0;32m  OK  [0m] Found device 82540EM Gigabit Ethern...r (PRO/1000 MT Desktop Adapter).
[    8.225951] cloud-init[468]: Cloud-init v. 21.1-19-gbad84ad4-0ubuntu1~16.04.2 running 'init-local' at Tue, 28 Feb 2023 17:50:05 +0000. Up 8.00 seconds.
[[0;32m  OK  [0m] Started Initial cloud-init job (pre-networking).
[[0;32m  OK  [0m] Found device 82540EM Gigabit Ethern...r (PRO/1000 MT Desktop Adapter).
[[0;32m  OK  [0m] Reached target Network (Pre).
[[0;32m  OK  [0m] Started ifup for enp0s8.
[[0;32m  OK  [0m] Started ifup for enp0s3.
         Starting Raise network interfaces...
[[0;32m  OK  [0m] Started Set console font and keymap.
[[0;32m  OK  [0m] Created slice system-getty.slice.
[[0;32m  OK  [0m] Started Raise network interfaces.
         Starting Initial cloud-init job (metadata service crawler)...
[[0;32m  OK  [0m] Reached target Network.
[    9.415171] cloud-init[1055]: Cloud-init v. 21.1-19-gbad84ad4-0ubuntu1~16.04.2 running 'init' at Tue, 28 Feb 2023 17:50:07 +0000. Up 9.21 seconds.
[    9.421435] cloud-init[1055]: ci-info: ++++++++++++++++++++++++++++++++++++++Net device info+++++++++++++++++++++++++++++++++++++++
[    9.427637] cloud-init[1055]: ci-info: +--------+------+-----------------------------+---------------+--------+-------------------+
[    9.433671] cloud-init[1055]: ci-info: | Device |  Up  |           Address           |      Mask     | Scope  |     Hw-Address    |
[    9.439441] cloud-init[[0;32m  OK  [0m] Started Initial cloud-init job (metadata service crawler).
[[0;32m  OK  [0m] Reached target Cloud-config availability.[1055]: 
[[0;32m  OK  [0m] Reached target Network is Online.
ci-info: +--------+------+-----------------------------+---------------+--------+-------------------+
[    9.455256] cloud-init[1055]: ci-info: | enp0s3 | True |          10.0.2.15          | 255.255.255.0 | global | 02:be:82:6b:cc:1d |
[    9.460605] cloud-init[1055]: ci-info: | enp0s3 | True |  fe80::be:82ff:fe6b:cc1d/64 |       .       |  link  | 02:be:82:6b:cc:1d |
[    9.466358] cloud-init         Starting iSCSI initiator daemon (iscsid)...[1055]: ci-info: | enp0s8 | True |        192.168.50.10        | 255.255.255.0 | global | 08:00:27:68:79:4e |
[    9.470699] cloud-init[1055]: ci-info: | enp0s8 | True | fe80::a00:27ff:fe68:794e/64 |       .       |  link  | 08:00:27:68:79:4e |
[    9.470727] cloud-init[1055]: ci-info: |   lo   | True |          127.0.0.1          |   255.0.0.0   |  host  |         .         |
[    9.470750] cloud-init[1055]: ci-info: |   lo   | True |           ::1/128           |       .       |  host  |         .         |
[    9.471078] cloud-init[1055]: ci-info: +--------+------+-----------------------------+---------------+--------+-------------------+
[    9.471330] cloud-init[1055]: ci-info: ++++++++++++++++++++++++++++Route IPv4 info++++++++++++++++++++++++++++
[    9.471609] cloud-init[1055]: ci-info: +-------+--------------+----------+---------------+-----------+-------+
[    9.471887] cloud-init[1055]: ci-info: | Route | Destination  | Gateway  |    Genmask    | Interface | Flags |
[    9.472488] cloud-init[1055]: ci-info: +-------+--------------+----------+---------------+-----------+-------+
[    9.472762] cloud-init[1055]: ci-info: |   0   |   0.0.0.0    | 10.0.2.2 |    0.0.0.0    |   enp0s3  |   UG  |
[    9.473038] cloud-init[1055]: ci-info: |   1   |   10.0.2.0   | 0.0.0.0  | 255.255.255.0 |   enp0s3  |   U   |
[    9.473313] cloud-init[1055]: ci-info: |   2   | 192.168.50.0 | 0.0.0.0  | 255.255.255.0 |   enp0s8  |   U   |
[    9.473594] cloud-init[1055]: ci-info: +-------+--------------+----------+---------------+-----------+-------+
[    9.473862] cloud-init[1055]: ci-info: +++++++++++++++++++Route IPv6 info+++++++++++++++++++
[    9.474157] cloud-init[1055]: ci-info: +-------+-------------+---------+-----------+-------+
[    9.474423] cloud-init[1055]: ci-info: | Route | Destination | Gateway | Interface | Flags |
[    9.474691] cloud-init[1055]: ci-info: +-------+-------------+---------+-----------+-------+
[    9.474967] cloud-init[1055]: ci-info: |   0   |  fe80::/64  |    ::   |   enp0s8  |   U   |
[    9.475242] cloud-init[1055]: ci-info: |   1   |  fe80::/64  |    ::   |   enp0s3  |   U   |
[    9.475526] cloud-init[1055]: ci-info: |   4   |   ff00::/8  |    ::   |   enp0s8  |   U   |
[    9.475814] cloud-init[1055]: ci-info: |   5   |   ff00::/8  |    ::   |   enp0s3  |   U   |
[    9.476977] cloud-init[1055]: ci-info: +-------+-------------+---------+-----------+-------+

[[0;32m  OK  [0m] Reached target System Initialization.
[[0;32m  OK  [0m] Listening on D-Bus System Message Bus Socket.
[[0;32m  OK  [0m] Started Daily Cleanup of Temporary Directories.
[[0;32m  OK  [0m] Started Ubuntu Advantage update messaging.
[[0;32m  OK  [0m] Started ACPI Events Check.
[[0;32m  OK  [0m] Reached target Paths.
[[0;32m  OK  [0m] Listening on UUID daemon activation socket.
         Starting Docker Socket for the API.
         Starting Socket activation for snappy daemon.
[[0;32m  OK  [0m] Started Daily apt download activities.
[[0;32m  OK  [0m] Started Daily apt upgrade and clean activities.
         Starting LXD - unix socket.
[[0;32m  OK  [0m] Started Message of the Day.
[[0;32m  OK  [0m] Reached target Timers.
[[0;32m  OK  [0m] Listening on ACPID Listen Socket.
[[0;32m  OK  [0m] Listening on Docker Socket for the API.
[[0;32m  OK  [0m] Listening on Socket activation for snappy daemon.
[[0;32m  OK  [0m] Listening on LXD - unix socket.
[[0;32m  OK  [0m] Started iSCSI initiator daemon (iscsid).
         Starting Login to default iSCSI targets...
[[0;32m  OK  [0m] Reached target Sockets.
[[0;32m  OK  [0m] Reached target Basic System.
         Starting System Logging Service...
[[0;32m  OK  [0m] Started ACPI event daemon.
         Starting LSB: MD monitoring daemon...
         Starting Virtualbox guest utils...
         Starting LSB: Record successful boot for GRUB...
         Starting Accounts Service...
         Starting Login Service...
         Starting Ubuntu Advantage APT and MOTD Messages...
[[0;32m  OK  [0m] Started Deferred execution scheduler.
         Starting LXD - container startup/shutdown...
         Starting Message of the Day...
         Starting containerd container runtime...
         Starting OpenBSD Secure Shell server...
[[0;32m  OK  [0m] Started Regular background program processing daemon.
         Starting Snap Daemon...
[[0;32m  OK  [0m] Started FUSE filesystem for LXC.
[[0;32m  OK  [0m] Started D-Bus System Message Bus.
         Starting /etc/rc.local Compatibility...
[[0;32m  OK  [0m] Started System Logging Service.
[[0;32m  OK  [0m] Started Message of the Day.
[[0;32m  OK  [0m] Started /etc/rc.local Compatibility.
[[0;32m  OK  [0m] Started OpenBSD Secure Shell server.
[[0;32m  OK  [0m] Started Login Service.
[[0;32m  OK  [0m] Started Unattended Upgrades Shutdown.
         Starting Authenticate and Authorize Users to Run Privileged Tasks...
[[0;32m  OK  [0m] Started LSB: MD monitoring daemon.
[[0;32m  OK  [0m] Started LSB: Record successful boot for GRUB.
[[0;32m  OK  [0m] Started Login to default iSCSI targets.
[[0;32m  OK  [0m] Reached target Remote File Systems (Pre).
         Mounting /vagrant...
[[0;1;31mFAILED[0m] Failed to mount /vagrant.
See 'systemctl status vagrant.mount' for details.
[[0;1;33mDEPEND[0m] Dependency failed for Remote File Systems.
         Starting LSB: daemon to balance interrupts for SMP systems...
         Starting LSB: automatic crash report generation...
         Starting Permit User Sessions...
         Starting LSB: Set up cgroupfs mounts....
         Starting LSB: Set the CPU Frequency Scaling governor to "ondemand"...
[[0;32m  OK  [0m] Started Permit User Sessions.
         Starting Terminate Plymouth Boot Screen...
         Starting Hold until boot process finishes up...
[[0;32m  OK  [0m] Started Hold until boot process finishes up.
[[0;32m  OK  [0m] Started LSB: Set up cgroupfs mounts..
[[0;32m  OK  [0m] Started Terminate Plymouth Boot Screen.
         Starting Set console scheme...
[[0;32m  OK  [0m] Started Serial Getty on ttyS0.
[[0;32m  OK  [0m] Started Getty on tty1.
[[0;32m  OK  [0m] Reached target Login Prompts.
[[0;32m  OK  [0m] Started Set console scheme.
[[0;32m  OK  [0m] Started LXD - container startup/shutdown.
[[0;32m  OK  [0m] Started LSB: daemon to balance interrupts for SMP systems.
[[0;32m  OK  [0m] Started Authenticate and Authorize Users to Run Privileged Tasks.
[[0;32m  OK  [0m] Started LSB: automatic crash report generation.
[[0;32m  OK  [0m] Started Accounts Service.
[[0;32m  OK  [0m] Started LSB: Set the CPU Frequency Scaling governor to "ondemand".
[[0;32m  OK  [0m] Started Virtualbox guest utils.
[[0;32m  OK  [0m] Started Snap Daemon.
         Starting Wait until snapd is fully seeded...
[[0;32m  OK  [0m] Started Wait until snapd is fully seeded.
         Starting Apply the settings specified in cloud-config...
[[0;32m  OK  [0m] Started Ubuntu Advantage APT and MOTD Messages.
[[0;32m  OK  [0m] Started containerd container runtime.
         Starting Docker Application Container Engine...
[   11.142022] cloud-init[1342]: Cloud-init v. 21.1-19-gbad84ad4-0ubuntu1~16.04.2 running 'modules:config' at Tue, 28 Feb 2023 17:50:09 +0000. Up 11.03 seconds.
[[0;32m  OK  [0m] Started Apply the settings specified in cloud-config.
[[0;32m  OK  [0m] Created slice User Slice of vagrant.
         Starting User Manager for UID 1000...
[[0;32m  OK  [0m] Started Session 1 of user vagrant.
[[0;32m  OK  [0m] Started User Manager for UID 1000.
[[0;32m  OK  [0m] Started Docker Application Container Engine.
[[0;32m  OK  [0m] Reached target Multi-User System.
[[0;32m  OK  [0m] Reached target Graphical Interface.
         Starting Execute cloud user/final scripts...
         Starting Update UTMP about System Runlevel Changes...
[[0;32m  OK  [0m] Started Update UTMP about System Runlevel Changes.
[   13.932703] cloud-init[1779]: Cloud-init v. 21.1-19-gbad84ad4-0ubuntu1~16.04.2 running 'modules:final' at Tue, 28 Feb 2023 17:50:11 +0000. Up 13.84 seconds.
[   13.937255] cloud-init[1779]: Cloud-init v. 21.1-19-gbad84ad4-0ubuntu1~16.04.2 finished at Tue, 28 Feb 2023 17:50:11 +0000. Datasource DataSourceNoCloud [seed=/dev/sdb][dsmode=net].  Up 13.92 seconds
[[0;32m  OK  [0m] Started Execute cloud user/final scripts.
[[0;32m  OK  [0m] Reached target Cloud-init target.
         Starting Daily apt download activities...

Ubuntu 16.04.7 LTS ubuntu-xenial ttyS0

ubuntu-xenial login:          Stopping ACPI event daemon...
         Stopping Session 34 of user vagrant.
         Stopping User Manager for UID 1000...
         Stopping Session 2 of user vagrant.
[[0;32m  OK  [0m] Closed Load/Save RF Kill Switch Status /dev/rfkill Watch.
         Unmounting /vagrant...
[[0;32m  OK  [0m] Stopped target Graphical Interface.
         Stopping Authenticate and Authorize Users to Run Privileged Tasks...
[[0;32m  OK  [0m] Stopped target Cloud-init target.
[[0;32m  OK  [0m] Stopped Execute cloud user/final scripts.
[[0;32m  OK  [0m] Stopped target Multi-User System.
         Stopping LSB: Record successful boot for GRUB...
         Stopping LSB: MD monitoring daemon...
[[0;32m  OK  [0m] Stopped target Login Prompts.
         Stopping Getty on tty1...
         Stopping D-Bus System Message Bus...
         Stopping System Logging Service...
         Stopping OpenBSD Secure Shell server...
         Stopping Deferred execution scheduler...
         Stopping Docker Application Container Engine...
         Stopping FUSE filesystem for LXC...
         Stopping LXD - container startup/shutdown...
         Stopping LSB: Set the CPU Frequency Scaling governor to "ondemand"...
         Stopping Unattended Upgrades Shutdown...
         Stopping Virtualbox guest utils...
         Stopping LSB: automatic crash report generation...
         Stopping LSB: Set up cgroupfs mounts....
[[0;32m  OK  [0m] Stopped Apply the settings specified in cloud-config.
[[0;32m  OK  [0m] Stopped target Cloud-config availability.
[[0;32m  OK  [0m] Stopped Wait until snapd is fully seeded.
         Stopping Accounts Service...
         Stopping Regular background program processing daemon...
         Stopping LSB: daemon to balance interrupts for SMP systems...
         Stopping Serial Getty on ttyS0...
[[0;32m  OK  [0m] Stopped target Timers.
[[0;32m  OK  [0m] Stopped Daily Cleanup of Temporary Directories.
[[0;32m  OK  [0m] Stopped Ubuntu Advantage update messaging.
[[0;32m  OK  [0m] Stopped Daily apt upgrade and clean activities.
[[0;32m  OK  [0m] Stopped Daily apt download activities.
[[0;32m  OK  [0m] Stopped Message of the Day.
[[0;32m  OK  [0m] Stopped target System Time Synchronized.
[[0;32m  OK  [0m] Unmounted /var/lib/lxcfs.
[[0;32m  OK  [0m] Stopped System Logging Service.
[[0;32m  OK  [0m] Stopped ACPI event daemon.
[[0;32m  OK  [0m] Stopped Accounts Service.
[[0;32m  OK  [0m] Stopped Deferred execution scheduler.
[[0;32m  OK  [0m] Stopped Regular background program processing daemon.
[[0;32m  OK  [0m] Stopped OpenBSD Secure Shell server.
[[0;32m  OK  [0m] Stopped Authenticate and Authorize Users to Run Privileged Tasks.
[[0;32m  OK  [0m] Stopped Getty on tty1.
[[0;32m  OK  [0m] Stopped Unattended Upgrades Shutdown.
[[0;32m  OK  [0m] Stopped Serial Getty on ttyS0.
[[0;32m  OK  [0m] Stopped User Manager for UID 1000.
[[0;32m  OK  [0m] Stopped Session 34 of user vagrant.
[[0;32m  OK  [0m] Unmounted /vagrant.
[[0;32m  OK  [0m] Stopped D-Bus System Message Bus.
[[0;32m  OK  [0m] Stopped LSB: Set up cgroupfs mounts..
[[0;32m  OK  [0m] Stopped FUSE filesystem for LXC.
[[0;32m  OK  [0m] Unmounted /run/docker/netns/4d54d8029529.
[[0;32m  OK  [0m] Unmounted /var/lib/docker/overlay2/...6dfaf345ed9d12dc495bc375/merged.
[[0;32m  OK  [0m] Stopped LSB: Record successful boot for GRUB.
[[0;32m  OK  [0m] Stopped Session 2 of user vagrant.
[[0;32m  OK  [0m] Stopped Docker Application Container Engine.
[[0;32m  OK  [0m] Stopped LSB: MD monitoring daemon.
[[0;32m  OK  [0m] Stopped LXD - container startup/shutdown.
[[0;32m  OK  [0m] Stopped LSB: Set the CPU Frequency Scaling governor to "ondemand".
[[0;32m  OK  [0m] Stopped LSB: automatic crash report generation.
[[0;32m  OK  [0m] Stopped LSB: daemon to balance interrupts for SMP systems.
[[0;32m  OK  [0m] Stopped Virtualbox guest utils.
         Stopping containerd container runtime...
[[0;32m  OK  [0m] Stopped target Remote File Systems (Pre).
         Stopping Login to default iSCSI targets...
[[0;32m  OK  [0m] Removed slice User Slice of vagrant.
[[0;32m  OK  [0m] Removed slice system-serial\x2dgetty.slice.
         Stopping Login Service...
[[0;32m  OK  [0m] Removed slice system-getty.slice.
[[0;32m  OK  [0m] Stopped /etc/rc.local Compatibility.
         Stopping Permit User Sessions...
[[0;32m  OK  [0m] Stopped containerd container runtime.
[[0;32m  OK  [0m] Stopped Permit User Sessions.
[[0;32m  OK  [0m] Stopped Login to default iSCSI targets.
         Stopping iSCSI initiator daemon (iscsid)...
[[0;32m  OK  [0m] Stopped iSCSI initiator daemon (iscsid).
[[0;32m  OK  [0m] Stopped target Network is Online.
[[0;32m  OK  [0m] Stopped target Network.
[[0;32m  OK  [0m] Stopped Login Service.
[[0;32m  OK  [0m] Stopped target Basic System.
[[0;32m  OK  [0m] Stopped target Paths.
[[0;32m  OK  [0m] Stopped Forward Password Requests to Wall Directory Watch.
[[0;32m  OK  [0m] Stopped ACPI Events Check.
[[0;32m  OK  [0m] Stopped Dispatch Password Requests to Console Directory Watch.
[[0;32m  OK  [0m] Stopped target Slices.
[[0;32m  OK  [0m] Stopped target Sockets.
[[0;32m  OK  [0m] Closed LXD - unix socket.
[[0;32m  OK  [0m] Closed Socket activation for snappy daemon.
[[0;32m  OK  [0m] Closed UUID daemon activation socket.
[[0;32m  OK  [0m] Closed Docker Socket for the API.
[[0;32m  OK  [0m] Closed ACPID Listen Socket.
[[0;32m  OK  [0m] Closed Syslog Socket.
[[0;32m  OK  [0m] Stopped target User and Group Name Lookups.
[[0;32m  OK  [0m] Closed D-Bus System Message Bus Socket.
[[0;32m  OK  [0m] Stopped target System Initialization.
[[0;32m  OK  [0m] Stopped Initial cloud-init job (metadata service crawler).
         Stopping Raise network interfaces...
[[0;32m  OK  [0m] Stopped target Swap.
         Stopping Update UTMP about System Boot/Shutdown...
[[0;32m  OK  [0m] Stopped target Encrypted Volumes.
         Stopping Load/Save Random Seed...
[[0;32m  OK  [0m] Removed slice User and Session Slice.
[[0;32m  OK  [0m] Stopped Load/Save Random Seed.
[[0;32m  OK  [0m] Stopped Update UTMP about System Boot/Shutdown.
[[0;32m  OK  [0m] Stopped Create Volatile Files and Directories.
[[0;32m  OK  [0m] Stopped Raise network interfaces.
[[0;32m  OK  [0m] Stopped Apply Kernel Variables.
[[0;32m  OK  [0m] Stopped Load Kernel Modules.
[[0;32m  OK  [0m] Stopped target Network (Pre).
[[0;32m  OK  [0m] Stopped Initial cloud-init job (pre-networking).
[[0;32m  OK  [0m] Stopped target Local File Systems.
         Unmounting /run/user/1000...
         Unmounting /run/docker/netns/default...
[[0;32m  OK  [0m] Unmounted /run/docker/netns/default.
[[0;32m  OK  [0m] Unmounted /run/user/1000.
[[0;32m  OK  [0m] Reached target Unmount All Filesystems.
[[0;32m  OK  [0m] Stopped target Local File Systems (Pre).
         Stopping Monitoring of LVM2 mirrors... dmeventd or progress polling...
[[0;32m  OK  [0m] Stopped Create Static Device Nodes in /dev.
[[0;32m  OK  [0m] Stopped Remount Root and Kernel File Systems.
[[0;32m  OK  [0m] Reached target Shutdown.
[86848.325375] reboot: Power down
