[    0.000000] Initializing cgroup subsys cpuset
[    0.000000] Initializing cgroup subsys cpu
[    0.000000] Initializing cgroup subsys cpuacct
[    0.000000] Linux version 4.4.0-210-generic (buildd@lgw01-amd64-009) (gcc version 5.4.0 20160609 (Ubuntu 5.4.0-6ubuntu1~16.04.12) ) #242-Ubuntu SMP Fri Apr 16 09:57:56 UTC 2021 (Ubuntu 4.4.0-210.242-generic 4.4.262)
[    0.000000] Command line: BOOT_IMAGE=/boot/vmlinuz-4.4.0-210-generic root=LABEL=cloudimg-rootfs ro console=tty1 console=ttyS0
[    0.000000] KERNEL supported cpus:
[    0.000000]   Intel GenuineIntel
[    0.000000]   AMD AuthenticAMD
[    0.000000]   Centaur CentaurHauls
[    0.000000] x86/fpu: Legacy x87 FPU detected.
[    0.000000] e820: BIOS-provided physical RAM map:
[    0.000000] BIOS-e820: [mem 0x0000000000000000-0x000000000009fbff] usable
[    0.000000] BIOS-e820: [mem 0x000000000009fc00-0x000000000009ffff] reserved
[    0.000000] BIOS-e820: [mem 0x00000000000f0000-0x00000000000fffff] reserved
[    0.000000] BIOS-e820: [mem 0x0000000000100000-0x000000003ffeffff] usable
[    0.000000] BIOS-e820: [mem 0x000000003fff0000-0x000000003fffffff] ACPI data
[    0.000000] BIOS-e820: [mem 0x00000000fec00000-0x00000000fec00fff] reserved
[    0.000000] BIOS-e820: [mem 0x00000000fee00000-0x00000000fee00fff] reserved
[    0.000000] BIOS-e820: [mem 0x00000000fffc0000-0x00000000ffffffff] reserved
[    0.000000] NX (Execute Disable) protection: active
[    0.000000] SMBIOS 2.5 present.
[    0.000000] Hypervisor detected: KVM
[    0.000000] Kernel/User page tables isolation: disabled
[    0.000000] e820: last_pfn = 0x3fff0 max_arch_pfn = 0x400000000
[    0.000000] MTRR: Disabled
[    0.000000] x86/PAT: MTRRs disabled, skipping PAT initialization too.
[    0.000000] CPU MTRRs all blank - virtualized system.
[    0.000000] x86/PAT: Configuration [0-7]: WB  WT  UC- UC  WB  WT  UC- UC  
[    0.000000] found SMP MP-table at [mem 0x0009fff0-0x0009ffff] mapped at [ffff88000009fff0]
[    0.000000] Scanning 1 areas for low memory corruption
[    0.000000] RAMDISK: [mem 0x362dc000-0x37165fff]
[    0.000000] ACPI: Early table checksum verification disabled
[    0.000000] ACPI: RSDP 0x00000000000E0000 000024 (v02 VBOX  )
[    0.000000] ACPI: XSDT 0x000000003FFF0030 00003C (v01 VBOX   VBOXXSDT 00000001 ASL  00000061)
[    0.000000] ACPI: FACP 0x000000003FFF00F0 0000F4 (v04 VBOX   VBOXFACP 00000001 ASL  00000061)
[    0.000000] ACPI: DSDT 0x000000003FFF0470 002325 (v02 VBOX   VBOXBIOS 00000002 INTL 20100528)
[    0.000000] ACPI: FACS 0x000000003FFF0200 000040
[    0.000000] ACPI: FACS 0x000000003FFF0200 000040
[    0.000000] ACPI: APIC 0x000000003FFF0240 00005C (v02 VBOX   VBOXAPIC 00000001 ASL  00000061)
[    0.000000] ACPI: SSDT 0x000000003FFF02A0 0001CC (v01 VBOX   VBOXCPUT 00000002 INTL 20100528)
[    0.000000] No NUMA configuration found
[    0.000000] Faking a node at [mem 0x0000000000000000-0x000000003ffeffff]
[    0.000000] NODE_DATA(0) allocated [mem 0x3ffeb000-0x3ffeffff]
[    0.000000] kvm-clock: Using msrs 4b564d01 and 4b564d00
[    0.000000] kvm-clock: cpu 0, msr 0:3ffe3001, primary cpu clock
[    0.000000] kvm-clock: using sched offset of 3492064065 cycles
[    0.000000] clocksource: kvm-clock: mask: 0xffffffffffffffff max_cycles: 0x1cd42e4dffb, max_idle_ns: 881590591483 ns
[    0.000000] Zone ranges:
[    0.000000]   DMA      [mem 0x0000000000001000-0x0000000000ffffff]
[    0.000000]   DMA32    [mem 0x0000000001000000-0x000000003ffeffff]
[    0.000000]   Normal   empty
[    0.000000]   Device   empty
[    0.000000] Movable zone start for each node
[    0.000000] Early memory node ranges
[    0.000000]   node   0: [mem 0x0000000000001000-0x000000000009efff]
[    0.000000]   node   0: [mem 0x0000000000100000-0x000000003ffeffff]
[    0.000000] Initmem setup node 0 [mem 0x0000000000001000-0x000000003ffeffff]
[    0.000000] ACPI: PM-Timer IO Port: 0x4008
[    0.000000] IOAPIC[0]: apic_id 2, version 32, address 0xfec00000, GSI 0-23
[    0.000000] ACPI: INT_SRC_OVR (bus 0 bus_irq 0 global_irq 2 dfl dfl)
[    0.000000] ACPI: INT_SRC_OVR (bus 0 bus_irq 9 global_irq 9 low level)
[    0.000000] Using ACPI (MADT) for SMP configuration information
[    0.000000] smpboot: Allowing 2 CPUs, 0 hotplug CPUs
[    0.000000] PM: Registered nosave memory: [mem 0x00000000-0x00000fff]
[    0.000000] PM: Registered nosave memory: [mem 0x0009f000-0x0009ffff]
[    0.000000] PM: Registered nosave memory: [mem 0x000a0000-0x000effff]
[    0.000000] PM: Registered nosave memory: [mem 0x000f0000-0x000fffff]
[    0.000000] e820: [mem 0x40000000-0xfebfffff] available for PCI devices
[    0.000000] Booting paravirtualized kernel on KVM
[    0.000000] clocksource: refined-jiffies: mask: 0xffffffff max_cycles: 0xffffffff, max_idle_ns: 7645519600211568 ns
[    0.000000] setup_percpu: NR_CPUS:512 nr_cpumask_bits:512 nr_cpu_ids:2 nr_node_ids:1
[    0.000000] PERCPU: Embedded 33 pages/cpu @ffff88003fc00000 s95192 r8192 d31784 u1048576
[    0.000000] Built 1 zonelists in Node order, mobility grouping on.  Total pages: 257912
[    0.000000] Policy zone: DMA32
[    0.000000] Kernel command line: BOOT_IMAGE=/boot/vmlinuz-4.4.0-210-generic root=LABEL=cloudimg-rootfs ro console=tty1 console=ttyS0
[    0.000000] PID hash table entries: 4096 (order: 3, 32768 bytes)
[    0.000000] Memory: 997792K/1048120K available (8644K kernel code, 1332K rwdata, 4044K rodata, 1492K init, 1164K bss, 50328K reserved, 0K cma-reserved)
[    0.000000] SLUB: HWalign=64, Order=0-3, MinObjects=0, CPUs=2, Nodes=1
[    0.000000] Hierarchical RCU implementation.
[    0.000000] 	Build-time adjustment of leaf fanout to 64.
[    0.000000] 	RCU restricting CPUs from NR_CPUS=512 to nr_cpu_ids=2.
[    0.000000] RCU: Adjusting geometry for rcu_fanout_leaf=64, nr_cpu_ids=2
[    0.000000] NR_IRQS:33024 nr_irqs:440 16
[    0.000000] Console: colour VGA+ 80x25
[    0.000000] console [tty1] enabled
[    0.000000] console [ttyS0] enabled
[    0.000000] tsc: Detected 2903.996 MHz processor
[    0.432393] Calibrating delay loop (skipped) preset value.. 5807.99 BogoMIPS (lpj=11615984)
[    0.438560] pid_max: default: 32768 minimum: 301
[    0.441801] ACPI: Core revision 20150930
[    0.445404] ACPI: 2 ACPI AML tables successfully acquired and loaded
[    0.450630] Security Framework initialized
[    0.453593] Yama: becoming mindful.
[    0.456236] AppArmor: AppArmor initialized
[    0.459190] Dentry cache hash table entries: 131072 (order: 8, 1048576 bytes)
[    0.466485] Inode-cache hash table entries: 65536 (order: 7, 524288 bytes)
[    0.472381] Mount-cache hash table entries: 2048 (order: 2, 16384 bytes)
[    0.477200] Mountpoint-cache hash table entries: 2048 (order: 2, 16384 bytes)
[    0.485551] Initializing cgroup subsys io
[    0.489065] Initializing cgroup subsys memory
[    0.493978] Initializing cgroup subsys devices
[    0.497355] Initializing cgroup subsys freezer
[    0.501748] Initializing cgroup subsys net_cls
[    0.505051] Initializing cgroup subsys perf_event
[    0.508447] Initializing cgroup subsys net_prio
[    0.511852] Initializing cgroup subsys hugetlb
[    0.516170] Initializing cgroup subsys pids
[    0.520189] mce: CPU supports 0 MCE banks
[    0.523329] Last level iTLB entries: 4KB 64, 2MB 8, 4MB 8
[    0.527129] Last level dTLB entries: 4KB 64, 2MB 0, 4MB 0, 1GB 4
[    0.532465] Spectre V1 : Mitigation: usercopy/swapgs barriers and __user pointer sanitization
[    0.541415] Spectre V2 : Mitigation: Enhanced IBRS
[    0.545047] Spectre V2 : Spectre v2 / SpectreRSB mitigation: Filling RSB on context switch
[    0.553029] Speculative Store Bypass: Vulnerable
[    0.585544] Freeing SMP alternatives memory: 36K
[    0.652125] ftrace: allocating 32380 entries in 127 pages
[    1.085084] smpboot: APIC(0) Converting physical 0 to logical package 0
[    1.089356] smpboot: Max logical packages: 1
[    1.105589] ..TIMER: vector=0x30 apic1=0 pin1=2 apic2=-1 pin2=-1
[    1.218526] smpboot: CPU0: Intel(R) Core(TM) i5-10400F CPU @ 2.90GHz (family: 0x6, model: 0xa5, stepping: 0x3)
[    1.226238] Performance Events: unsupported p6 CPU model 165 no PMU driver, software events only.
[    1.301179] KVM setup paravirtual spinlock
[    1.306127] x86: Booting SMP configuration:
[    1.308925] .... node  #0, CPUs:      #1
[    1.312918] kvm-clock: cpu 1, msr 0:3ffe3041, secondary cpu clock
[    1.316852] mce: CPU supports 0 MCE banks
[    1.320392] TSC synchronization [CPU#0 -> CPU#1]:
[    1.323795] Measured 39813 cycles TSC warp between CPUs, turning off TSC clock.
[    1.328683] tsc: Marking TSC unstable due to check_tsc_sync_source failed
[    0.425054] x86: Booted up 1 node, 2 CPUs
[    0.428007] smpboot: Total of 2 processors activated (11615.98 BogoMIPS)
[    0.436477] devtmpfs: initialized
[    0.441692] evm: security.selinux
[    0.444011] evm: security.SMACK64
[    0.446355] evm: security.SMACK64EXEC
[    0.448004] evm: security.SMACK64TRANSMUTE
[    0.452005] evm: security.SMACK64MMAP
[    0.454586] evm: security.ima
[    0.456005] evm: security.capability
[    0.460251] clocksource: jiffies: mask: 0xffffffff max_cycles: 0xffffffff, max_idle_ns: 7645041785100000 ns
[    0.464018] futex hash table entries: 512 (order: 3, 32768 bytes)
[    0.468303] pinctrl core: initialized pinctrl subsystem
[    0.472334] RTC time: 17:41:54, date: 02/19/23
[    0.476763] NET: Registered protocol family 16
[    0.492017] cpuidle: using governor ladder
[    0.504019] cpuidle: using governor menu
[    0.506744] PCCT header not found.
[    0.508088] ACPI: bus type PCI registered
[    0.512007] acpiphp: ACPI Hot Plug PCI Controller Driver version: 0.5
[    0.516382] PCI: Using configuration type 1 for base access
[    0.536415] ACPI: Added _OSI(Module Device)
[    0.540008] ACPI: Added _OSI(Processor Device)
[    0.543092] ACPI: Added _OSI(3.0 _SCP Extensions)
[    0.544005] ACPI: Added _OSI(Processor Aggregator Device)
[    0.552084] ACPI: Executed 1 blocks of module-level executable AML code
[    0.560712] ACPI: Interpreter enabled
[    0.563472] ACPI: (supports S0 S5)
[    0.564005] ACPI: Using IOAPIC for interrupt routing
[    0.568424] PCI: Using host bridge windows from ACPI; if necessary, use "pci=nocrs" and report a bug
[    0.578891] ACPI: PCI Root Bridge [PCI0] (domain 0000 [bus 00-ff])
[    0.580018] acpi PNP0A03:00: _OSC: OS supports [ASPM ClockPM Segments MSI]
[    0.584559] acpi PNP0A03:00: _OSC: not requesting OS control; OS requires [ExtendedConfig ASPM ClockPM MSI]
[    0.588016] acpi PNP0A03:00: fail to add MMCONFIG information, can't access extended PCI configuration space under this bridge.
[    0.592604] PCI host bridge to bus 0000:00
[    0.596007] pci_bus 0000:00: root bus resource [io  0x0000-0x0cf7 window]
[    0.600007] pci_bus 0000:00: root bus resource [io  0x0d00-0xffff window]
[    0.604008] pci_bus 0000:00: root bus resource [mem 0x000a0000-0x000bffff window]
[    0.608008] pci_bus 0000:00: root bus resource [mem 0x40000000-0xfdffffff window]
[    0.612008] pci_bus 0000:00: root bus resource [bus 00-ff]
[    0.623004] pci 0000:00:01.1: legacy IDE quirk: reg 0x10: [io  0x01f0-0x01f7]
[    0.624010] pci 0000:00:01.1: legacy IDE quirk: reg 0x14: [io  0x03f6]
[    0.628008] pci 0000:00:01.1: legacy IDE quirk: reg 0x18: [io  0x0170-0x0177]
[    0.632011] pci 0000:00:01.1: legacy IDE quirk: reg 0x1c: [io  0x0376]
[    0.655496] pci 0000:00:07.0: quirk: [io  0x4000-0x403f] claimed by PIIX4 ACPI
[    0.656040] pci 0000:00:07.0: quirk: [io  0x4100-0x410f] claimed by PIIX4 SMB
[    0.670823] ACPI: PCI Interrupt Link [LNKA] (IRQs 5 9 10 *11)
[    0.677370] ACPI: PCI Interrupt Link [LNKB] (IRQs 5 9 *10 11)
[    0.684234] ACPI: PCI Interrupt Link [LNKC] (IRQs 5 *9 10 11)
[    0.693388] ACPI: PCI Interrupt Link [LNKD] (IRQs 5 9 10 *11)
[    0.698588] ACPI: Enabled 2 GPEs in block 00 to 07
[    0.704043] vgaarb: setting as boot device: PCI:0000:00:02.0
[    0.708000] vgaarb: device added: PCI:0000:00:02.0,decodes=io+mem,owns=io+mem,locks=none
[    0.708008] vgaarb: loaded
[    0.712007] vgaarb: bridge control possible 0000:00:02.0
[    0.716345] SCSI subsystem initialized
[    0.720181] ACPI: bus type USB registered
[    0.724053] usbcore: registered new interface driver usbfs
[    0.728043] usbcore: registered new interface driver hub
[    0.732022] usbcore: registered new device driver usb
[    0.736398] PCI: Using ACPI for IRQ routing
[    0.740698] NetLabel: Initializing
[    0.744006] NetLabel:  domain hash size = 128
[    0.746958] NetLabel:  protocols = UNLABELED CIPSOv4
[    0.748019] NetLabel:  unlabeled traffic allowed by default
[    0.752143] amd_nb: Cannot enumerate AMD northbridges
[    0.756240] clocksource: Switched to clocksource kvm-clock
[    0.776427] AppArmor: AppArmor Filesystem Enabled
[    0.776427] pnp: PnP ACPI init
[    0.776427] pnp: PnP ACPI: found 3 devices
[    0.826293] clocksource: acpi_pm: mask: 0xffffff max_cycles: 0xffffff, max_idle_ns: 2085701024 ns
[    0.828501] NET: Registered protocol family 2
[    0.836599] TCP established hash table entries: 8192 (order: 4, 65536 bytes)
[    0.841632] TCP bind hash table entries: 8192 (order: 5, 131072 bytes)
[    0.845416] TCP: Hash tables configured (established 8192 bind 8192)
[    0.845416] UDP hash table entries: 512 (order: 2, 16384 bytes)
[    0.845416] UDP-Lite hash table entries: 512 (order: 2, 16384 bytes)
[    0.845416] NET: Registered protocol family 1
[    0.845416] pci 0000:00:00.0: Limiting direct PCI/PCI transfers
[    0.845416] pci 0000:00:01.0: Activating ISA DMA hang workarounds
[    0.845416] Unpacking initramfs...
